<?xml version="1.0" encoding="UTF-8"?>
<testng-results ignored="0" total="1" passed="1" failed="0" skipped="0">
  <reporter-output>
  </reporter-output>
  <suite started-at="2020-05-21T07:36:33Z" name="Default suite" finished-at="2020-05-21T07:36:39Z" duration-ms="5465">
    <groups>
    </groups>
    <test started-at="2020-05-21T07:36:33Z" name="Default test" finished-at="2020-05-21T07:36:39Z" duration-ms="5465">
      <class name="com.qa.test.GetAPITest">
        <test-method is-config="true" signature="setup()[pri:0, instance:com.qa.test.GetAPITest@74751b3]" started-at="2020-05-21T07:36:33Z" name="setup" finished-at="2020-05-21T07:36:33Z" duration-ms="4" status="PASS">
          <reporter-output>
          </reporter-output>
        </test-method> <!-- setup -->
        <test-method signature="GetTest()[pri:0, instance:com.qa.test.GetAPITest@74751b3]" started-at="2020-05-21T07:36:33Z" name="GetTest" finished-at="2020-05-21T07:36:39Z" duration-ms="5445" status="PASS">
          <reporter-output>
          </reporter-output>
        </test-method> <!-- GetTest -->
      </class> <!-- com.qa.test.GetAPITest -->
    </test> <!-- Default test -->
  </suite> <!-- Default suite -->
</testng-results>
